   1               		.file	"main.c"
   2               		.arch atmega16
   3               	__SREG__ = 0x3f
   4               	__SP_H__ = 0x3e
   5               	__SP_L__ = 0x3d
   6               	__tmp_reg__ = 0
   7               	__zero_reg__ = 1
   8               		.global __do_copy_data
   9               		.global __do_clear_bss
  17               	.Ltext0:
  18               		.data
  19               	.LC0:
  20 0000 0C20 2A2A 		.string	"\f *** Hallo! ***\r\n"
  20      2A20 4861 
  20      6C6C 6F21 
  20      202A 2A2A 
  20      0D0A 00
  21               	.LC1:
  22 0013 2049 6368 		.string	" Ich bin ein kleiner Roboter. Was moechtest du mit mir machen?\r\n"
  22      2062 696E 
  22      2065 696E 
  22      206B 6C65 
  22      696E 6572 
  23               	.LC2:
  24 0054 424F 543A 		.string	"BOT:\\>"
  24      5C3E 00
  25               		.text
  26               	.global	main
  28               	main:
  29               	.LFB4:
  30               	.LM1:
  31               	/* prologue: frame size=2 */
  32 0000 C0E0      		ldi r28,lo8(__stack - 2)
  33 0002 D0E0      		ldi r29,hi8(__stack - 2)
  34 0004 DEBF      		out __SP_H__,r29
  35 0006 CDBF      		out __SP_L__,r28
  36               	/* prologue end (size=4) */
  37               	.LM2:
  38 0008 0E94 0000 		call uart_init
  39               	.LM3:
  40 000c 0E94 0000 		call timer2_init
  41               	.LM4:
  42 0010 80E0      		ldi r24,lo8(.LC0)
  43 0012 90E0      		ldi r25,hi8(.LC0)
  44 0014 0E94 0000 		call uart_puts
  45               	.LM5:
  46 0018 80E0      		ldi r24,lo8(.LC1)
  47 001a 90E0      		ldi r25,hi8(.LC1)
  48 001c 0E94 0000 		call uart_puts
  49               	.LM6:
  50 0020 80E0      		ldi r24,lo8(.LC2)
  51 0022 90E0      		ldi r25,hi8(.LC2)
  52 0024 0E94 0000 		call uart_puts
  53               	.LM7:
  54               	/* #APP */
  55 0028 7894      		sei
  56               	/* #NOAPP */
  57               	.L2:
  58               	.LM8:
  59 002a 0E94 0000 		call uart_getc
  60 002e 8983      		std Y+1,r24
  61               	.LM9:
  62 0030 8981      		ldd r24,Y+1
  63 0032 0E94 0000 		call command_put
  64               	.LM10:
  65 0036 0E94 0000 		call command_get
  66 003a 8A83      		std Y+2,r24
  67               	.LM11:
  68 003c 8A81      		ldd r24,Y+2
  69 003e 0E94 0000 		call command_prompt
  70               	.LM12:
  71 0042 82E0      		ldi r24,lo8(2)
  72 0044 90E0      		ldi r25,hi8(2)
  73 0046 0E94 0000 		call msleep
  74               	.LM13:
  75 004a EFCF      		rjmp .L2
  76               	/* epilogue: frame size=2 */
  77               	/* epilogue: noreturn */
  78               	/* epilogue end (size=0) */
  79               	/* function main size 39 (35) */
  80               	.LFE4:
  82               		.comm count36kHz,1,1
  83               		.comm timebase,4,1
  84               	.Letext0:
DEFINED SYMBOLS
                            *ABS*:00000000 main.c
C:\DOKUME~1\Olaf\LOKALE~1\Temp/cceyaaaa.s:3      *ABS*:0000003f __SREG__
C:\DOKUME~1\Olaf\LOKALE~1\Temp/cceyaaaa.s:4      *ABS*:0000003e __SP_H__
C:\DOKUME~1\Olaf\LOKALE~1\Temp/cceyaaaa.s:5      *ABS*:0000003d __SP_L__
C:\DOKUME~1\Olaf\LOKALE~1\Temp/cceyaaaa.s:6      *ABS*:00000000 __tmp_reg__
C:\DOKUME~1\Olaf\LOKALE~1\Temp/cceyaaaa.s:7      *ABS*:00000001 __zero_reg__
C:\DOKUME~1\Olaf\LOKALE~1\Temp/cceyaaaa.s:28     .text:00000000 main
                            *COM*:00000001 count36kHz
                            *COM*:00000004 timebase

UNDEFINED SYMBOLS
__do_copy_data
__do_clear_bss
__stack
uart_init
timer2_init
uart_puts
uart_getc
command_put
command_get
command_prompt
msleep
