   1               		.file	"main.c"
   2               	__SREG__ = 0x3f
   3               	__SP_H__ = 0x3e
   4               	__SP_L__ = 0x3d
   5               	__tmp_reg__ = 0
   6               	__zero_reg__ = 1
   7               		.global __do_copy_data
   8               		.global __do_clear_bss
  16               	.Ltext0:
  17               		.data
  18               	.LC0:
  19 0000 0D52 4631 		.string	"\rRF12 Hallo!\r\n"
  19      3220 4861 
  19      6C6C 6F21 
  19      0D0A 00
  20               		.text
  21               	.global	main
  23               	main:
  24               	.LFB6:
  25               	.LM1:
  26               	/* prologue: frame size=1 */
  27 0000 0F93      		push r16
  28 0002 1F93      		push r17
  29 0004 CF93      		push r28
  30 0006 DF93      		push r29
  31 0008 CDB7      		in r28,__SP_L__
  32 000a DEB7      		in r29,__SP_H__
  33 000c 2197      		sbiw r28,1
  34 000e 0FB6      		in __tmp_reg__,__SREG__
  35 0010 F894      		cli
  36 0012 DEBF      		out __SP_H__,r29
  37 0014 0FBE      		out __SREG__,__tmp_reg__
  38 0016 CDBF      		out __SP_L__,r28
  39               	/* prologue end (size=12) */
  40               	.LM2:
  41 0018 80E5      		ldi r24,lo8(80)
  42 001a 81BB      		out 49-0x20,r24
  43               	.LM3:
  44 001c 969A      		sbi 50-0x20,6
  45               	.LM4:
  46 001e 949A      		sbi 50-0x20,4
  47               	.LM5:
  48 0020 0E94 0000 		call rf12_init
  49               	.LM6:
  50 0024 80E2      		ldi r24,lo8(1568)
  51 0026 96E0      		ldi r25,hi8(1568)
  52 0028 0E94 0000 		call rf12_setfreq
  53               	.LM7:
  54 002c 44E0      		ldi r20,lo8(4)
  55 002e 61E0      		ldi r22,lo8(1)
  56 0030 85E0      		ldi r24,lo8(5)
  57 0032 0E94 0000 		call rf12_setbandwidth
  58               	.LM8:
  59 0036 80E8      		ldi r24,lo8(9600)
  60 0038 95E2      		ldi r25,hi8(9600)
  61 003a 0E94 0000 		call rf12_setbaud
  62               	.LM9:
  63 003e 66E0      		ldi r22,lo8(6)
  64 0040 80E0      		ldi r24,lo8(0)
  65 0042 0E94 0000 		call rf12_setpower
  66               	.LM10:
  67 0046 6EE0      		ldi r22,lo8(14)
  68 0048 80E0      		ldi r24,lo8(.LC0)
  69 004a 90E0      		ldi r25,hi8(.LC0)
  70 004c 0E94 0000 		call rf12_txdata
  71 0050 8E01      		movw r16,r28
  72 0052 0F5F      		subi r16,lo8(-(1))
  73 0054 1F4F      		sbci r17,hi8(-(1))
  74               	.LVL0:
  75               	.L10:
  76               	.LM11:
  77 0056 C801      		movw r24,r16
  78 0058 0E94 0000 		call rf12_rxdata
  79 005c 8823      		tst r24
  80 005e 01F0      		breq .L10
  81               	.LM12:
  82 0060 8981      		ldd r24,Y+1
  83 0062 0E94 0000 		call command_put
  84               	.LM13:
  85 0066 0E94 0000 		call command_get
  86 006a 0E94 0000 		call command_prompt
  87 006e 80E0      		ldi r24,lo8(0)
  88 0070 90E0      		ldi r25,hi8(0)
  89               	.L4:
  90               	.LBB2:
  91               	.LM14:
  92               	/* #APP */
  93 0072 0000      		nop
  94               	/* #NOAPP */
  95 0074 0196      		adiw r24,1
  96 0076 23E0      		ldi r18,hi8(1000)
  97 0078 883E      		cpi r24,lo8(1000)
  98 007a 9207      		cpc r25,r18
  99 007c 01F4      		brne .L4
 100 007e 00C0      		rjmp .L10
 101               	.LBE2:
 102               	/* epilogue: frame size=1 */
 103               	/* epilogue: noreturn */
 104               	/* epilogue end (size=0) */
 105               	/* function main size 65 (53) */
 106               	.LFE6:
 132               	.Letext0:
DEFINED SYMBOLS
                            *ABS*:00000000 main.c
C:\DOKUME~1\Olaf\LOKALE~1\Temp/ccp5EuF9.s:2      *ABS*:0000003f __SREG__
C:\DOKUME~1\Olaf\LOKALE~1\Temp/ccp5EuF9.s:3      *ABS*:0000003e __SP_H__
C:\DOKUME~1\Olaf\LOKALE~1\Temp/ccp5EuF9.s:4      *ABS*:0000003d __SP_L__
C:\DOKUME~1\Olaf\LOKALE~1\Temp/ccp5EuF9.s:5      *ABS*:00000000 __tmp_reg__
C:\DOKUME~1\Olaf\LOKALE~1\Temp/ccp5EuF9.s:6      *ABS*:00000001 __zero_reg__
C:\DOKUME~1\Olaf\LOKALE~1\Temp/ccp5EuF9.s:23     .text:00000000 main

UNDEFINED SYMBOLS
__do_copy_data
__do_clear_bss
rf12_init
rf12_setfreq
rf12_setbandwidth
rf12_setbaud
rf12_setpower
rf12_txdata
rf12_rxdata
command_put
command_get
command_prompt
