Searching for include files...
Searching for example files...
Search for files in directory C:/Dokumente und Einstellungen/Olaf/Eigene Dateien/nBot/software/pcc
Searching for images...
Search for files in directory C:/Dokumente und Einstellungen/Olaf/Eigene Dateien/nBot/software/pcc
Searching for dot files...
Searching for files to exclude
Searching for files to process...
Search for files in directory C:/Dokumente und Einstellungen/Olaf/Eigene Dateien/nBot/software/pcc
Reading and parsing tag files
Preprocessing C:/Dokumente und Einstellungen/Olaf/Eigene Dateien/nBot/software/pcc/main.c...
Parsing file C:/Dokumente und Einstellungen/Olaf/Eigene Dateien/nBot/software/pcc/main.c...
Preprocessing C:/Dokumente und Einstellungen/Olaf/Eigene Dateien/nBot/software/pcc/pcc.c...
Parsing file C:/Dokumente und Einstellungen/Olaf/Eigene Dateien/nBot/software/pcc/pcc.c...
Preprocessing C:/Dokumente und Einstellungen/Olaf/Eigene Dateien/nBot/software/pcc/pcc.h...
Parsing file C:/Dokumente und Einstellungen/Olaf/Eigene Dateien/nBot/software/pcc/pcc.h...
Building group list...
Building directory list...
Building namespace list...
Building file list...
Searching for included using directives...
Building class list...
Associating documentation with classes...
Computing nesting relations for classes...
Searching for members imported via using declarations...
Building example list...
Searching for enumerations...
Searching for documented variables...
Building member list...
Searching for friends...
Searching for documented defines...
Computing template instances...
Flushing cached template relations that have become invalid...
Creating members for template instances...
Computing class relations...
Searching for member function documentation...
Building page list...
Search for main page...
Computing page relations...
Determining the scope of groups...
Sorting lists...
Freeing entry tree
Determining which enums are documented
Computing member relations...
Building full member lists recursively...
Adding members to member groups.
Computing member references...
Inheriting documentation...
Generating disk names...
Adding source references...
Adding todo/test/bug list items...
Computing dependencies between directories...
Generating style sheet...
Counting data structures...
Resolving user defined references...
Combining using relations...
Finding anchors and sections in the documentation...
Generating index page...
Generating example documentation...
Generating file sources...
Generating code for file main.c...
Generating code for file pcc.c...
Generating code for file pcc.h...
Generating file documentation...
Generating docs for file main.c...
Generating call graph for function main
Generating caller graph for function regelung
Generating docs for file pcc.c...
Generating call graph for function pcc
Generating caller graph for function pcc
Generating call graph for function pcc_init
Generating caller graph for function pcc_init
Generating caller graph for function pcc_reset
Generating caller graph for function pcc_rx
Generating caller graph for function pcc_send
Generating call graph for function pcc_sendError
Generating caller graph for function pcc_sendError
Generating docs for file pcc.h...
Generating call graph for function pcc
Generating caller graph for function pcc
Generating call graph for function pcc_init
Generating caller graph for function pcc_init
Generating caller graph for function pcc_rx
Generating caller graph for function pcc_send
Generating page documentation...
Generating group documentation...
Generating group index...
Generating class documentation...
Generating annotated compound index...
Generating alphabetical compound index...
Generating hierarchical class index...
Generating member index...
Generating docs for compound pcc_t...
Generating docs for compound tstMessage...
Generating docs for compound tunHeader...
Generating graphical class hierarchy...
Generating namespace index...
Generating namespace member index...
Generating graph info page...
Generating directory documentation...
Generating file index...
Generating directory index...
Generating example index...
Generating file member index...
Generating page index...
