Searching for include files...
Searching for example files...
Search for files in directory C:/Dokumente und Einstellungen/Olaf/Eigene Dateien/nBot/software/encoder
Searching for images...
Search for files in directory C:/Dokumente und Einstellungen/Olaf/Eigene Dateien/nBot/software/encoder
Searching for dot files...
Searching for files to exclude
Searching for files to process...
Search for files in directory C:/Dokumente und Einstellungen/Olaf/Eigene Dateien/nBot/software/encoder
Reading and parsing tag files
Preprocessing C:/Dokumente und Einstellungen/Olaf/Eigene Dateien/nBot/software/encoder/encoder.c...
Parsing file C:/Dokumente und Einstellungen/Olaf/Eigene Dateien/nBot/software/encoder/encoder.c...
Preprocessing C:/Dokumente und Einstellungen/Olaf/Eigene Dateien/nBot/software/encoder/encoder.h...
Parsing file C:/Dokumente und Einstellungen/Olaf/Eigene Dateien/nBot/software/encoder/encoder.h...
Building group list...
Building directory list...
Building namespace list...
Building file list...
Searching for included using directives...
Building class list...
Associating documentation with classes...
Computing nesting relations for classes...
Searching for members imported via using declarations...
Building example list...
Searching for enumerations...
Searching for documented variables...
Building member list...
Searching for friends...
Searching for documented defines...
Computing template instances...
Flushing cached template relations that have become invalid...
Creating members for template instances...
Computing class relations...
Searching for member function documentation...
Building page list...
Search for main page...
Computing page relations...
Determining the scope of groups...
Sorting lists...
Freeing entry tree
Determining which enums are documented
Computing member relations...
Building full member lists recursively...
Adding members to member groups.
Computing member references...
Inheriting documentation...
Generating disk names...
Adding source references...
Adding todo/test/bug list items...
Computing dependencies between directories...
Generating style sheet...
Counting data structures...
Resolving user defined references...
Combining using relations...
Finding anchors and sections in the documentation...
Generating index page...
Generating example documentation...
Generating file sources...
Generating code for file encoder.c...
Generating code for file encoder.h...
Generating file documentation...
Generating docs for file encoder.c...
Generating call graph for function Encoder_init
Generating caller graph for function Encoder_init
Generating caller graph for function EncoderGet
Generating call graph for function main
Generating docs for file encoder.h...
Generating call graph for function Encoder_init
Generating caller graph for function Encoder_init
Generating caller graph for function EncoderGet
Generating page documentation...
Generating group documentation...
Generating group index...
Generating class documentation...
Generating annotated compound index...
Generating alphabetical compound index...
Generating hierarchical class index...
Generating member index...
Generating graphical class hierarchy...
Generating namespace index...
Generating namespace member index...
Generating graph info page...
Generating directory documentation...
Generating file index...
Generating directory index...
Generating example index...
Generating file member index...
Generating page index...
