   1               		.file	"command.c"
   2               		.arch atmega16
   3               	__SREG__ = 0x3f
   4               	__SP_H__ = 0x3e
   5               	__SP_L__ = 0x3d
   6               	__tmp_reg__ = 0
   7               	__zero_reg__ = 1
   8               		.global __do_copy_data
   9               		.global __do_clear_bss
  17               	.Ltext0:
  18               	.global	ptext
  19               		.data
  22               	ptext:
  23 0000 0000      		.word	text
  24               	.global	command
  25               	.global	command
  26               		.section .bss
  29               	command:
  30 0000 00        		.skip 1,0
  31               	.global	Str_CR
  32               		.section	.progmem.data,"a",@progbits
  35               	Str_CR:
  36 0000 0D0A 00   		.string	"\r\n"
  37               	.global	Str_BOT
  40               	Str_BOT:
  41 0003 424F 543A 		.string	"BOT:\\>"
  41      5C3E 00
  42               		.data
  43               	.LC0:
  44 0002 3F00      		.string	"?"
  45               	.LC1:
  46 0004 6865 6C70 		.string	"help"
  46      00
  47               	.LC2:
  48 0009 7374 6174 		.string	"status"
  48      7573 00
  49               	.LC3:
  50 0010 636C 7300 		.string	"cls"
  51               	.LC4:
  52 0014 6D6F 7665 		.string	"move"
  52      00
  53               	.LC5:
  54 0019 6465 6D6F 		.string	"demo"
  54      00
  55               	.LC6:
  56 001e 6465 6275 		.string	"debug"
  56      6700 
  57               	.LC7:
  58 0024 6465 6275 		.string	"debug cmd"
  58      6720 636D 
  58      6400 
  59               	.LC8:
  60 002e 6465 6275 		.string	"debug enc"
  60      6720 656E 
  60      6300 
  61               	.LC9:
  62 0038 6465 6275 		.string	"debug reg"
  62      6720 7265 
  62      6700 
  63               		.text
  64               	.global	command_put
  66               	command_put:
  67               	.LFB2:
  68               	.LM1:
  69               	/* prologue: frame size=1 */
  70 0000 CF93      		push r28
  71 0002 DF93      		push r29
  72 0004 CDB7      		in r28,__SP_L__
  73 0006 DEB7      		in r29,__SP_H__
  74 0008 2197      		sbiw r28,1
  75 000a 0FB6      		in __tmp_reg__,__SREG__
  76 000c F894      		cli
  77 000e DEBF      		out __SP_H__,r29
  78 0010 0FBE      		out __SREG__,__tmp_reg__
  79 0012 CDBF      		out __SP_L__,r28
  80               	/* prologue end (size=10) */
  81 0014 8983      		std Y+1,r24
  82               	.LM2:
  83 0016 8981      		ldd r24,Y+1
  84 0018 8F3F      		cpi r24,lo8(-1)
  85 001a 09F4      		brne .+2
  86 001c E0C0      		rjmp .L2
  87               	.LM3:
  88 001e 8981      		ldd r24,Y+1
  89 0020 8D30      		cpi r24,lo8(13)
  90 0022 09F0      		breq .+2
  91 0024 8AC0      		rjmp .L3
  92               	.LM4:
  93 0026 A0E0      		ldi r26,lo8(ptext)
  94 0028 B0E0      		ldi r27,hi8(ptext)
  95 002a 8D91      		ld r24,X+
  96 002c 9C91      		ld r25,X
  97 002e 1197      		sbiw r26,1
  98 0030 FC01      		movw r30,r24
  99 0032 1082      		st Z,__zero_reg__
 100 0034 0196      		adiw r24,1
 101 0036 8D93      		st X+,r24
 102 0038 9C93      		st X,r25
 103               	.LM5:
 104 003a 80E0      		ldi r24,lo8(text)
 105 003c 90E0      		ldi r25,hi8(text)
 106 003e 9093 0000 		sts (ptext)+1,r25
 107 0042 8093 0000 		sts ptext,r24
 108               	.LM6:
 109 0046 1092 0000 		sts nText,__zero_reg__
 110               	.LM7:
 111 004a 60E0      		ldi r22,lo8(.LC0)
 112 004c 70E0      		ldi r23,hi8(.LC0)
 113 004e 80E0      		ldi r24,lo8(text)
 114 0050 90E0      		ldi r25,hi8(text)
 115 0052 0E94 0000 		call strcmp
 116 0056 0097      		sbiw r24,0
 117 0058 41F0      		breq .L5
 118 005a 60E0      		ldi r22,lo8(.LC1)
 119 005c 70E0      		ldi r23,hi8(.LC1)
 120 005e 80E0      		ldi r24,lo8(text)
 121 0060 90E0      		ldi r25,hi8(text)
 122 0062 0E94 0000 		call strcmp
 123 0066 0097      		sbiw r24,0
 124 0068 21F4      		brne .L4
 125               	.L5:
 126               	.LM8:
 127 006a 84E0      		ldi r24,lo8(4)
 128 006c 8093 0000 		sts command,r24
 129               	.LM9:
 130 0070 B8C0      		rjmp .L1
 131               	.L4:
 132               	.LM10:
 133 0072 60E0      		ldi r22,lo8(.LC2)
 134 0074 70E0      		ldi r23,hi8(.LC2)
 135 0076 80E0      		ldi r24,lo8(text)
 136 0078 90E0      		ldi r25,hi8(text)
 137 007a 0E94 0000 		call strcmp
 138 007e 0097      		sbiw r24,0
 139 0080 21F4      		brne .L7
 140               	.LM11:
 141 0082 83E0      		ldi r24,lo8(3)
 142 0084 8093 0000 		sts command,r24
 143               	.LM12:
 144 0088 ACC0      		rjmp .L1
 145               	.L7:
 146               	.LM13:
 147 008a 60E0      		ldi r22,lo8(.LC3)
 148 008c 70E0      		ldi r23,hi8(.LC3)
 149 008e 80E0      		ldi r24,lo8(text)
 150 0090 90E0      		ldi r25,hi8(text)
 151 0092 0E94 0000 		call strcmp
 152 0096 0097      		sbiw r24,0
 153 0098 21F4      		brne .L9
 154               	.LM14:
 155 009a 82E0      		ldi r24,lo8(2)
 156 009c 8093 0000 		sts command,r24
 157               	.LM15:
 158 00a0 A0C0      		rjmp .L1
 159               	.L9:
 160               	.LM16:
 161 00a2 60E0      		ldi r22,lo8(.LC4)
 162 00a4 70E0      		ldi r23,hi8(.LC4)
 163 00a6 80E0      		ldi r24,lo8(text)
 164 00a8 90E0      		ldi r25,hi8(text)
 165 00aa 0E94 0000 		call strcmp
 166 00ae 0097      		sbiw r24,0
 167 00b0 21F4      		brne .L11
 168               	.LM17:
 169 00b2 85E0      		ldi r24,lo8(5)
 170 00b4 8093 0000 		sts command,r24
 171               	.LM18:
 172 00b8 94C0      		rjmp .L1
 173               	.L11:
 174               	.LM19:
 175 00ba 60E0      		ldi r22,lo8(.LC5)
 176 00bc 70E0      		ldi r23,hi8(.LC5)
 177 00be 80E0      		ldi r24,lo8(text)
 178 00c0 90E0      		ldi r25,hi8(text)
 179 00c2 0E94 0000 		call strcmp
 180 00c6 0097      		sbiw r24,0
 181 00c8 21F4      		brne .L13
 182               	.LM20:
 183 00ca 86E0      		ldi r24,lo8(6)
 184 00cc 8093 0000 		sts command,r24
 185               	.LM21:
 186 00d0 88C0      		rjmp .L1
 187               	.L13:
 188               	.LM22:
 189 00d2 60E0      		ldi r22,lo8(.LC6)
 190 00d4 70E0      		ldi r23,hi8(.LC6)
 191 00d6 80E0      		ldi r24,lo8(text)
 192 00d8 90E0      		ldi r25,hi8(text)
 193 00da 0E94 0000 		call strcmp
 194 00de 0097      		sbiw r24,0
 195 00e0 21F4      		brne .L15
 196               	.LM23:
 197 00e2 8AE0      		ldi r24,lo8(10)
 198 00e4 8093 0000 		sts command,r24
 199               	.LM24:
 200 00e8 7CC0      		rjmp .L1
 201               	.L15:
 202               	.LM25:
 203 00ea 60E0      		ldi r22,lo8(.LC7)
 204 00ec 70E0      		ldi r23,hi8(.LC7)
 205 00ee 80E0      		ldi r24,lo8(text)
 206 00f0 90E0      		ldi r25,hi8(text)
 207 00f2 0E94 0000 		call strcmp
 208 00f6 0097      		sbiw r24,0
 209 00f8 21F4      		brne .L17
 210               	.LM26:
 211 00fa 8BE0      		ldi r24,lo8(11)
 212 00fc 8093 0000 		sts command,r24
 213               	.LM27:
 214 0100 70C0      		rjmp .L1
 215               	.L17:
 216               	.LM28:
 217 0102 60E0      		ldi r22,lo8(.LC8)
 218 0104 70E0      		ldi r23,hi8(.LC8)
 219 0106 80E0      		ldi r24,lo8(text)
 220 0108 90E0      		ldi r25,hi8(text)
 221 010a 0E94 0000 		call strcmp
 222 010e 0097      		sbiw r24,0
 223 0110 21F4      		brne .L19
 224               	.LM29:
 225 0112 8CE0      		ldi r24,lo8(12)
 226 0114 8093 0000 		sts command,r24
 227               	.LM30:
 228 0118 64C0      		rjmp .L1
 229               	.L19:
 230               	.LM31:
 231 011a 60E0      		ldi r22,lo8(.LC9)
 232 011c 70E0      		ldi r23,hi8(.LC9)
 233 011e 80E0      		ldi r24,lo8(text)
 234 0120 90E0      		ldi r25,hi8(text)
 235 0122 0E94 0000 		call strcmp
 236 0126 0097      		sbiw r24,0
 237 0128 21F4      		brne .L21
 238               	.LM32:
 239 012a 8DE0      		ldi r24,lo8(13)
 240 012c 8093 0000 		sts command,r24
 241               	.LM33:
 242 0130 58C0      		rjmp .L1
 243               	.L21:
 244               	.LM34:
 245 0132 81E0      		ldi r24,lo8(1)
 246 0134 8093 0000 		sts command,r24
 247               	.LM35:
 248 0138 54C0      		rjmp .L1
 249               	.L3:
 250               	.LM36:
 251 013a 8981      		ldd r24,Y+1
 252 013c 8B31      		cpi r24,lo8(27)
 253 013e 59F5      		brne .L24
 254               	.LM37:
 255 0140 CE01      		movw r24,r28
 256 0142 0196      		adiw r24,1
 257 0144 0E94 0000 		call uart_getc
 258               	.LM38:
 259 0148 8981      		ldd r24,Y+1
 260 014a 8B35      		cpi r24,lo8(91)
 261 014c 01F5      		brne .L25
 262               	.LM39:
 263 014e CE01      		movw r24,r28
 264 0150 0196      		adiw r24,1
 265 0152 0E94 0000 		call uart_getc
 266               	.LM40:
 267 0156 8981      		ldd r24,Y+1
 268 0158 8134      		cpi r24,lo8(65)
 269 015a 21F4      		brne .L26
 270               	.LM41:
 271 015c 81E4      		ldi r24,lo8(65)
 272 015e 8093 0000 		sts command,r24
 273               	.LM42:
 274 0162 3FC0      		rjmp .L1
 275               	.L26:
 276               	.LM43:
 277 0164 8981      		ldd r24,Y+1
 278 0166 8234      		cpi r24,lo8(66)
 279 0168 21F4      		brne .L28
 280               	.LM44:
 281 016a 82E4      		ldi r24,lo8(66)
 282 016c 8093 0000 		sts command,r24
 283               	.LM45:
 284 0170 38C0      		rjmp .L1
 285               	.L28:
 286               	.LM46:
 287 0172 8981      		ldd r24,Y+1
 288 0174 8334      		cpi r24,lo8(67)
 289 0176 21F4      		brne .L30
 290               	.LM47:
 291 0178 85E4      		ldi r24,lo8(69)
 292 017a 8093 0000 		sts command,r24
 293               	.LM48:
 294 017e 31C0      		rjmp .L1
 295               	.L30:
 296               	.LM49:
 297 0180 8981      		ldd r24,Y+1
 298 0182 8434      		cpi r24,lo8(68)
 299 0184 61F5      		brne .L2
 300               	.LM50:
 301 0186 84E4      		ldi r24,lo8(68)
 302 0188 8093 0000 		sts command,r24
 303               	.LM51:
 304 018c 2AC0      		rjmp .L1
 305               	.L25:
 306               	.LM52:
 307 018e 8BE1      		ldi r24,lo8(27)
 308 0190 8093 0000 		sts command,r24
 309               	.LM53:
 310 0194 26C0      		rjmp .L1
 311               	.L24:
 312               	.LM54:
 313 0196 8981      		ldd r24,Y+1
 314 0198 8A30      		cpi r24,lo8(10)
 315 019a 41F0      		breq .L36
 316 019c 8981      		ldd r24,Y+1
 317 019e 8830      		cpi r24,lo8(8)
 318 01a0 29F0      		breq .L36
 319 01a2 8091 0000 		lds r24,nText
 320 01a6 8036      		cpi r24,lo8(96)
 321 01a8 09F0      		breq .L36
 322 01aa 03C0      		rjmp .L35
 323               	.L36:
 324               	.LM55:
 325 01ac 1092 0000 		sts command,__zero_reg__
 326               	.LM56:
 327 01b0 18C0      		rjmp .L1
 328               	.L35:
 329               	.LM57:
 330 01b2 A0E0      		ldi r26,lo8(ptext)
 331 01b4 B0E0      		ldi r27,hi8(ptext)
 332 01b6 8D91      		ld r24,X+
 333 01b8 9C91      		ld r25,X
 334 01ba 1197      		sbiw r26,1
 335 01bc FC01      		movw r30,r24
 336 01be 2981      		ldd r18,Y+1
 337 01c0 2083      		st Z,r18
 338 01c2 0196      		adiw r24,1
 339 01c4 8D93      		st X+,r24
 340 01c6 9C93      		st X,r25
 341               	.LM58:
 342 01c8 8981      		ldd r24,Y+1
 343 01ca 0E94 0000 		call uart_putc
 344               	.LM59:
 345 01ce 8091 0000 		lds r24,nText
 346 01d2 8F5F      		subi r24,lo8(-(1))
 347 01d4 8093 0000 		sts nText,r24
 348               	.LM60:
 349 01d8 1092 0000 		sts command,__zero_reg__
 350               	.LM61:
 351 01dc 02C0      		rjmp .L1
 352               	.L2:
 353               	.LM62:
 354 01de 1092 0000 		sts command,__zero_reg__
 355               	.L1:
 356               	/* epilogue: frame size=1 */
 357 01e2 2196      		adiw r28,1
 358 01e4 0FB6      		in __tmp_reg__,__SREG__
 359 01e6 F894      		cli
 360 01e8 DEBF      		out __SP_H__,r29
 361 01ea 0FBE      		out __SREG__,__tmp_reg__
 362 01ec CDBF      		out __SP_L__,r28
 363 01ee DF91      		pop r29
 364 01f0 CF91      		pop r28
 365 01f2 0895      		ret
 366               	/* epilogue end (size=9) */
 367               	/* function command_put size 250 (231) */
 368               	.LFE2:
 370               	.global	command_get
 372               	command_get:
 373               	.LFB3:
 374               	.LM63:
 375               	/* prologue: frame size=0 */
 376 01f4 CF93      		push r28
 377 01f6 DF93      		push r29
 378 01f8 CDB7      		in r28,__SP_L__
 379 01fa DEB7      		in r29,__SP_H__
 380               	/* prologue end (size=4) */
 381               	.LM64:
 382 01fc 8091 0000 		lds r24,command
 383 0200 9927      		clr r25
 384               	/* epilogue: frame size=0 */
 385 0202 DF91      		pop r29
 386 0204 CF91      		pop r28
 387 0206 0895      		ret
 388               	/* epilogue end (size=3) */
 389               	/* function command_get size 10 (3) */
 390               	.LFE3:
 392               	.global	command_text
 394               	command_text:
 395               	.LFB4:
 396               	.LM65:
 397               	/* prologue: frame size=0 */
 398 0208 CF93      		push r28
 399 020a DF93      		push r29
 400 020c CDB7      		in r28,__SP_L__
 401 020e DEB7      		in r29,__SP_H__
 402               	/* prologue end (size=4) */
 403               	.LM66:
 404 0210 80E0      		ldi r24,lo8(text)
 405 0212 90E0      		ldi r25,hi8(text)
 406               	/* epilogue: frame size=0 */
 407 0214 DF91      		pop r29
 408 0216 CF91      		pop r28
 409 0218 0895      		ret
 410               	/* epilogue end (size=3) */
 411               	/* function command_text size 9 (2) */
 412               	.LFE4:
 414               		.section	.progmem.data
 417               	__c.0:
 418 000a 0D0A 2044 		.string	"\r\n Diesen Befehl kenne ich nicht.\r\n"
 418      6965 7365 
 418      6E20 4265 
 418      6665 686C 
 418      206B 656E 
 421               	__c.1:
 422 002e 2044 7520 		.string	" Du hast \""
 422      6861 7374 
 422      2022 00
 425               	__c.2:
 426 0039 2220 6569 		.string	"\" eingegeben. "
 426      6E67 6567 
 426      6562 656E 
 426      2E20 00
 429               	__c.3:
 430 0048 0C20 2A2A 		.string	"\f *** Hallo! ***"
 430      2A20 4861 
 430      6C6C 6F21 
 430      202A 2A2A 
 430      00
 433               	__c.4:
 434 0059 2049 6368 		.string	" Ich bin ein kleiner Roboter. Was moechtest du mit mir machen?"
 434      2062 696E 
 434      2065 696E 
 434      206B 6C65 
 434      696E 6572 
 437               	__c.5:
 438 0098 204D 6974 		.string	" Mit dem Befehl:"
 438      2064 656D 
 438      2042 6566 
 438      6568 6C3A 
 438      00
 441               	__c.6:
 442 00a9 202D 203F 		.string	" - ?       Zeige ich die alle Befehle die ich verstehe."
 442      2020 2020 
 442      2020 205A 
 442      6569 6765 
 442      2069 6368 
 445               	__c.7:
 446 00e1 202D 2073 		.string	" - status  kannst du sehen, wie ich mich fuehle."
 446      7461 7475 
 446      7320 206B 
 446      616E 6E73 
 446      7420 6475 
 449               	__c.8:
 450 0112 202D 2063 		.string	" - cls     loescht du den Bildschirm."
 450      6C73 2020 
 450      2020 206C 
 450      6F65 7363 
 450      6874 2064 
 453               	__c.9:
 454 0138 202D 206D 		.string	" - move    kannst du mich fahren lassen."
 454      6F76 6520 
 454      2020 206B 
 454      616E 6E73 
 454      7420 6475 
 457               	__c.10:
 458 0161 202D 2064 		.string	" - demo    fahre ich ein wenig hin und her."
 458      656D 6F20 
 458      2020 2066 
 458      6168 7265 
 458      2069 6368 
 461               	__c.11:
 462 018d 202D 2064 		.string	" - debug   Zeige ich dir Aktuelle Statusmeldungen."
 462      6562 7567 
 462      2020 205A 
 462      6569 6765 
 462      2069 6368 
 465               	__c.12:
 466 01c0 0C20 2A2A 		.string	"\f *** Hi! ***\r\n"
 466      2A20 4869 
 466      2120 2A2A 
 466      2A0D 0A00 
 469               	__c.13:
 470 01d0 2049 6368 		.string	" Ich bin heute schon seit "
 470      2062 696E 
 470      2068 6575 
 470      7465 2073 
 470      6368 6F6E 
 473               	__c.14:
 474 01eb 2075 6E74 		.string	" unterwegs.\r\n"
 474      6572 7765 
 474      6773 2E0D 
 474      0A00 
 477               	__c.15:
 478 01f9 2049 6368 		.string	" Ich fuehle mich gut und meine Akkuspannung betraegt noch:"
 478      2066 7565 
 478      686C 6520 
 478      6D69 6368 
 478      2067 7574 
 481               	__c.16:
 482 0234 2031 3256 		.string	" 12V\r\n"
 482      0D0A 00
 485               	__c.17:
 486 023b 0C20 2A2A 		.string	"\f *** Gib Gas! ***\r\n"
 486      2A20 4769 
 486      6220 4761 
 486      7321 202A 
 486      2A2A 0D0A 
 489               	__c.18:
 490 0250 204D 6974 		.string	" Mit den Pfeiltasten kannst du mich nun steuern.\r\n"
 490      2064 656E 
 490      2050 6665 
 490      696C 7461 
 490      7374 656E 
 493               	__c.19:
 494 0283 204D 6974 		.string	" Mit Esc beendest du die Fahrt."
 494      2045 7363 
 494      2062 6565 
 494      6E64 6573 
 494      7420 6475 
 497               	__c.20:
 498 02a3 0C20 2A2A 		.string	"\f *** DEMO *** \r\n"
 498      2A20 4445 
 498      4D4F 202A 
 498      2A2A 200D 
 498      0A00 
 501               	__c.21:
 502 02b5 2049 6368 		.string	" Ich fahre ein wenig hin und her.\r\n"
 502      2066 6168 
 502      7265 2065 
 502      696E 2077 
 502      656E 6967 
 505               	__c.22:
 506 02d9 204D 6974 		.string	" Mit Esc beendest du die Fahrt."
 506      2045 7363 
 506      2062 6565 
 506      6E64 6573 
 506      7420 6475 
 509               	__c.23:
 510 02f9 0C20 2A2A 		.string	"\f *** DEBUG *** \r\n"
 510      2A20 4445 
 510      4255 4720 
 510      2A2A 2A20 
 510      0D0A 00
 513               	__c.24:
 514 030c 2049 6368 		.string	" Ich kann dir verschiedene DEBUGinfomationen ausgeben:\r\n"
 514      206B 616E 
 514      6E20 6469 
 514      7220 7665 
 514      7273 6368 
 517               	__c.25:
 518 0345 204D 6974 		.string	" Mit dem Befehl:\r\n"
 518      2064 656D 
 518      2042 6566 
 518      6568 6C3A 
 518      0D0A 00
 521               	__c.26:
 522 0358 202D 2064 		.string	" - debug cmd      gebe ich dir alle gesendete Zeichen aus.\r\n"
 522      6562 7567 
 522      2063 6D64 
 522      2020 2020 
 522      2020 6765 
 525               	__c.27:
 526 0395 202D 2064 		.string	" - debug enc      gebe ich die die aktuellen Encoderwerte aus.\r\n"
 526      6562 7567 
 526      2065 6E63 
 526      2020 2020 
 526      2020 6765 
 529               	__c.28:
 530 03d6 202D 2064 		.string	" - debug reg      gebe ich dir aktuelle Reglerwerte aus.\r\n"
 530      6562 7567 
 530      2072 6567 
 530      2020 2020 
 530      2020 6765 
 533               	__c.29:
 534 0411 202D 2044 		.string	" - Die Anzeige beendest du mit escape.\r\n"
 534      6965 2041 
 534      6E7A 6569 
 534      6765 2062 
 534      6565 6E64 
 537               	__c.30:
 538 043a 0C00      		.string	"\f"
 541               	__c.31:
 542 043c 0C20 4665 		.string	"\f Fehler in der Commandline!!\r\n"
 542      686C 6572 
 542      2069 6E20 
 542      6465 7220 
 542      436F 6D6D 
 543               		.text
 544               	.global	command_prompt
 546               	command_prompt:
 547               	.LFB5:
 548               	.LM67:
 549               	/* prologue: frame size=3 */
 550 021a CF93      		push r28
 551 021c DF93      		push r29
 552 021e CDB7      		in r28,__SP_L__
 553 0220 DEB7      		in r29,__SP_H__
 554 0222 2397      		sbiw r28,3
 555 0224 0FB6      		in __tmp_reg__,__SREG__
 556 0226 F894      		cli
 557 0228 DEBF      		out __SP_H__,r29
 558 022a 0FBE      		out __SREG__,__tmp_reg__
 559 022c CDBF      		out __SP_L__,r28
 560               	/* prologue end (size=10) */
 561 022e 8983      		std Y+1,r24
 562               	.LM68:
 563 0230 8981      		ldd r24,Y+1
 564 0232 282F      		mov r18,r24
 565 0234 3327      		clr r19
 566 0236 3B83      		std Y+3,r19
 567 0238 2A83      		std Y+2,r18
 568 023a 8A81      		ldd r24,Y+2
 569 023c 9B81      		ldd r25,Y+3
 570 023e 8A30      		cpi r24,10
 571 0240 9105      		cpc r25,__zero_reg__
 572 0242 09F4      		brne .+2
 573 0244 F8C0      		rjmp .L47
 574               	.LM69:
 575 0246 2A81      		ldd r18,Y+2
 576 0248 3B81      		ldd r19,Y+3
 577 024a 2B30      		cpi r18,11
 578 024c 3105      		cpc r19,__zero_reg__
 579 024e 84F5      		brge .L58
 580 0250 8A81      		ldd r24,Y+2
 581 0252 9B81      		ldd r25,Y+3
 582 0254 8330      		cpi r24,3
 583 0256 9105      		cpc r25,__zero_reg__
 584 0258 09F4      		brne .+2
 585 025a B8C0      		rjmp .L44
 586 025c 2A81      		ldd r18,Y+2
 587 025e 3B81      		ldd r19,Y+3
 588 0260 2430      		cpi r18,4
 589 0262 3105      		cpc r19,__zero_reg__
 590 0264 94F4      		brge .L59
 591 0266 8A81      		ldd r24,Y+2
 592 0268 9B81      		ldd r25,Y+3
 593 026a 8130      		cpi r24,1
 594 026c 9105      		cpc r25,__zero_reg__
 595 026e 09F4      		brne .+2
 596 0270 40C0      		rjmp .L42
 597 0272 2A81      		ldd r18,Y+2
 598 0274 3B81      		ldd r19,Y+3
 599 0276 2230      		cpi r18,2
 600 0278 3105      		cpc r19,__zero_reg__
 601 027a 0CF0      		brlt .+2
 602 027c FDC0      		rjmp .L48
 603 027e 8A81      		ldd r24,Y+2
 604 0280 9B81      		ldd r25,Y+3
 605 0282 0097      		sbiw r24,0
 606 0284 09F4      		brne .+2
 607 0286 0EC1      		rjmp .L39
 608 0288 09C1      		rjmp .L57
 609               	.L59:
 610 028a 2A81      		ldd r18,Y+2
 611 028c 3B81      		ldd r19,Y+3
 612 028e 2530      		cpi r18,5
 613 0290 3105      		cpc r19,__zero_reg__
 614 0292 09F4      		brne .+2
 615 0294 B6C0      		rjmp .L45
 616 0296 8A81      		ldd r24,Y+2
 617 0298 9B81      		ldd r25,Y+3
 618 029a 8530      		cpi r24,5
 619 029c 9105      		cpc r25,__zero_reg__
 620 029e 0CF4      		brge .+2
 621 02a0 48C0      		rjmp .L43
 622 02a2 2A81      		ldd r18,Y+2
 623 02a4 3B81      		ldd r19,Y+3
 624 02a6 2630      		cpi r18,6
 625 02a8 3105      		cpc r19,__zero_reg__
 626 02aa 09F4      		brne .+2
 627 02ac B7C0      		rjmp .L46
 628 02ae F6C0      		rjmp .L57
 629               	.L58:
 630 02b0 8A81      		ldd r24,Y+2
 631 02b2 9B81      		ldd r25,Y+3
 632 02b4 8334      		cpi r24,67
 633 02b6 9105      		cpc r25,__zero_reg__
 634 02b8 9CF4      		brge .L60
 635 02ba 2A81      		ldd r18,Y+2
 636 02bc 3B81      		ldd r19,Y+3
 637 02be 2134      		cpi r18,65
 638 02c0 3105      		cpc r19,__zero_reg__
 639 02c2 0CF0      		brlt .+2
 640 02c4 EFC0      		rjmp .L39
 641 02c6 8A81      		ldd r24,Y+2
 642 02c8 9B81      		ldd r25,Y+3
 643 02ca 8E30      		cpi r24,14
 644 02cc 9105      		cpc r25,__zero_reg__
 645 02ce 0CF4      		brge .+2
 646 02d0 E9C0      		rjmp .L39
 647 02d2 2A81      		ldd r18,Y+2
 648 02d4 3B81      		ldd r19,Y+3
 649 02d6 2B31      		cpi r18,27
 650 02d8 3105      		cpc r19,__zero_reg__
 651 02da 09F4      		brne .+2
 652 02dc D6C0      		rjmp .L49
 653 02de DEC0      		rjmp .L57
 654               	.L60:
 655 02e0 8A81      		ldd r24,Y+2
 656 02e2 9B81      		ldd r25,Y+3
 657 02e4 8454      		subi r24,lo8(-(-68))
 658 02e6 9040      		sbci r25,hi8(-(-68))
 659 02e8 8230      		cpi r24,2
 660 02ea 9105      		cpc r25,__zero_reg__
 661 02ec 08F0      		brlo .+2
 662 02ee D6C0      		rjmp .L57
 663 02f0 D9C0      		rjmp .L39
 664               	.L42:
 665               	.LM70:
 666 02f2 80E0      		ldi r24,lo8(__c.0)
 667 02f4 90E0      		ldi r25,hi8(__c.0)
 668 02f6 0E94 0000 		call uart_puts_p
 669               	.LM71:
 670 02fa 80E0      		ldi r24,lo8(__c.1)
 671 02fc 90E0      		ldi r25,hi8(__c.1)
 672 02fe 0E94 0000 		call uart_puts_p
 673               	.LM72:
 674 0302 0E94 0000 		call command_text
 675 0306 0E94 0000 		call uart_puts
 676               	.LM73:
 677 030a 80E0      		ldi r24,lo8(__c.2)
 678 030c 90E0      		ldi r25,hi8(__c.2)
 679 030e 0E94 0000 		call uart_puts_p
 680               	.LM74:
 681 0312 0E94 0000 		call command_text
 682 0316 FC01      		movw r30,r24
 683 0318 8081      		ld r24,Z
 684 031a 9927      		clr r25
 685 031c 0E94 0000 		call uart_puti
 686               	.LM75:
 687 0320 80E0      		ldi r24,lo8(Str_CR)
 688 0322 90E0      		ldi r25,hi8(Str_CR)
 689 0324 0E94 0000 		call uart_puts_p
 690               	.LM76:
 691 0328 80E0      		ldi r24,lo8(Str_BOT)
 692 032a 90E0      		ldi r25,hi8(Str_BOT)
 693 032c 0E94 0000 		call uart_puts_p
 694               	.LM77:
 695 0330 B9C0      		rjmp .L39
 696               	.L43:
 697               	.LM78:
 698 0332 80E0      		ldi r24,lo8(__c.3)
 699 0334 90E0      		ldi r25,hi8(__c.3)
 700 0336 0E94 0000 		call uart_puts_p
 701               	.LM79:
 702 033a 80E0      		ldi r24,lo8(Str_CR)
 703 033c 90E0      		ldi r25,hi8(Str_CR)
 704 033e 0E94 0000 		call uart_puts_p
 705               	.LM80:
 706 0342 80E0      		ldi r24,lo8(__c.4)
 707 0344 90E0      		ldi r25,hi8(__c.4)
 708 0346 0E94 0000 		call uart_puts_p
 709               	.LM81:
 710 034a 80E0      		ldi r24,lo8(Str_CR)
 711 034c 90E0      		ldi r25,hi8(Str_CR)
 712 034e 0E94 0000 		call uart_puts_p
 713               	.LM82:
 714 0352 80E0      		ldi r24,lo8(__c.5)
 715 0354 90E0      		ldi r25,hi8(__c.5)
 716 0356 0E94 0000 		call uart_puts_p
 717               	.LM83:
 718 035a 80E0      		ldi r24,lo8(Str_CR)
 719 035c 90E0      		ldi r25,hi8(Str_CR)
 720 035e 0E94 0000 		call uart_puts_p
 721               	.LM84:
 722 0362 80E0      		ldi r24,lo8(__c.6)
 723 0364 90E0      		ldi r25,hi8(__c.6)
 724 0366 0E94 0000 		call uart_puts_p
 725               	.LM85:
 726 036a 80E0      		ldi r24,lo8(Str_CR)
 727 036c 90E0      		ldi r25,hi8(Str_CR)
 728 036e 0E94 0000 		call uart_puts_p
 729               	.LM86:
 730 0372 80E0      		ldi r24,lo8(__c.7)
 731 0374 90E0      		ldi r25,hi8(__c.7)
 732 0376 0E94 0000 		call uart_puts_p
 733               	.LM87:
 734 037a 80E0      		ldi r24,lo8(Str_CR)
 735 037c 90E0      		ldi r25,hi8(Str_CR)
 736 037e 0E94 0000 		call uart_puts_p
 737               	.LM88:
 738 0382 80E0      		ldi r24,lo8(__c.8)
 739 0384 90E0      		ldi r25,hi8(__c.8)
 740 0386 0E94 0000 		call uart_puts_p
 741               	.LM89:
 742 038a 80E0      		ldi r24,lo8(Str_CR)
 743 038c 90E0      		ldi r25,hi8(Str_CR)
 744 038e 0E94 0000 		call uart_puts_p
 745               	.LM90:
 746 0392 80E0      		ldi r24,lo8(__c.9)
 747 0394 90E0      		ldi r25,hi8(__c.9)
 748 0396 0E94 0000 		call uart_puts_p
 749               	.LM91:
 750 039a 80E0      		ldi r24,lo8(Str_CR)
 751 039c 90E0      		ldi r25,hi8(Str_CR)
 752 039e 0E94 0000 		call uart_puts_p
 753               	.LM92:
 754 03a2 80E0      		ldi r24,lo8(__c.10)
 755 03a4 90E0      		ldi r25,hi8(__c.10)
 756 03a6 0E94 0000 		call uart_puts_p
 757               	.LM93:
 758 03aa 80E0      		ldi r24,lo8(Str_CR)
 759 03ac 90E0      		ldi r25,hi8(Str_CR)
 760 03ae 0E94 0000 		call uart_puts_p
 761               	.LM94:
 762 03b2 80E0      		ldi r24,lo8(__c.11)
 763 03b4 90E0      		ldi r25,hi8(__c.11)
 764 03b6 0E94 0000 		call uart_puts_p
 765               	.LM95:
 766 03ba 80E0      		ldi r24,lo8(Str_CR)
 767 03bc 90E0      		ldi r25,hi8(Str_CR)
 768 03be 0E94 0000 		call uart_puts_p
 769               	.LM96:
 770 03c2 80E0      		ldi r24,lo8(Str_BOT)
 771 03c4 90E0      		ldi r25,hi8(Str_BOT)
 772 03c6 0E94 0000 		call uart_puts_p
 773               	.LM97:
 774 03ca 6CC0      		rjmp .L39
 775               	.L44:
 776               	.LM98:
 777 03cc 80E0      		ldi r24,lo8(__c.12)
 778 03ce 90E0      		ldi r25,hi8(__c.12)
 779 03d0 0E94 0000 		call uart_puts_p
 780               	.LM99:
 781 03d4 80E0      		ldi r24,lo8(__c.13)
 782 03d6 90E0      		ldi r25,hi8(__c.13)
 783 03d8 0E94 0000 		call uart_puts_p
 784               	.LM100:
 785 03dc 0E94 0000 		call uart_printtime
 786               	.LM101:
 787 03e0 80E0      		ldi r24,lo8(__c.14)
 788 03e2 90E0      		ldi r25,hi8(__c.14)
 789 03e4 0E94 0000 		call uart_puts_p
 790               	.LM102:
 791 03e8 80E0      		ldi r24,lo8(__c.15)
 792 03ea 90E0      		ldi r25,hi8(__c.15)
 793 03ec 0E94 0000 		call uart_puts_p
 794               	.LM103:
 795 03f0 80E0      		ldi r24,lo8(__c.16)
 796 03f2 90E0      		ldi r25,hi8(__c.16)
 797 03f4 0E94 0000 		call uart_puts_p
 798               	.LM104:
 799 03f8 80E0      		ldi r24,lo8(Str_BOT)
 800 03fa 90E0      		ldi r25,hi8(Str_BOT)
 801 03fc 0E94 0000 		call uart_puts_p
 802               	.LM105:
 803 0400 51C0      		rjmp .L39
 804               	.L45:
 805               	.LM106:
 806 0402 80E0      		ldi r24,lo8(__c.17)
 807 0404 90E0      		ldi r25,hi8(__c.17)
 808 0406 0E94 0000 		call uart_puts_p
 809               	.LM107:
 810 040a 80E0      		ldi r24,lo8(__c.18)
 811 040c 90E0      		ldi r25,hi8(__c.18)
 812 040e 0E94 0000 		call uart_puts_p
 813               	.LM108:
 814 0412 80E0      		ldi r24,lo8(__c.19)
 815 0414 90E0      		ldi r25,hi8(__c.19)
 816 0416 0E94 0000 		call uart_puts_p
 817               	.LM109:
 818 041a 44C0      		rjmp .L39
 819               	.L46:
 820               	.LM110:
 821 041c 80E0      		ldi r24,lo8(__c.20)
 822 041e 90E0      		ldi r25,hi8(__c.20)
 823 0420 0E94 0000 		call uart_puts_p
 824               	.LM111:
 825 0424 80E0      		ldi r24,lo8(__c.21)
 826 0426 90E0      		ldi r25,hi8(__c.21)
 827 0428 0E94 0000 		call uart_puts_p
 828               	.LM112:
 829 042c 80E0      		ldi r24,lo8(__c.22)
 830 042e 90E0      		ldi r25,hi8(__c.22)
 831 0430 0E94 0000 		call uart_puts_p
 832               	.LM113:
 833 0434 37C0      		rjmp .L39
 834               	.L47:
 835               	.LM114:
 836 0436 80E0      		ldi r24,lo8(__c.23)
 837 0438 90E0      		ldi r25,hi8(__c.23)
 838 043a 0E94 0000 		call uart_puts_p
 839               	.LM115:
 840 043e 80E0      		ldi r24,lo8(__c.24)
 841 0440 90E0      		ldi r25,hi8(__c.24)
 842 0442 0E94 0000 		call uart_puts_p
 843               	.LM116:
 844 0446 80E0      		ldi r24,lo8(__c.25)
 845 0448 90E0      		ldi r25,hi8(__c.25)
 846 044a 0E94 0000 		call uart_puts_p
 847               	.LM117:
 848 044e 80E0      		ldi r24,lo8(__c.26)
 849 0450 90E0      		ldi r25,hi8(__c.26)
 850 0452 0E94 0000 		call uart_puts_p
 851               	.LM118:
 852 0456 80E0      		ldi r24,lo8(__c.27)
 853 0458 90E0      		ldi r25,hi8(__c.27)
 854 045a 0E94 0000 		call uart_puts_p
 855               	.LM119:
 856 045e 80E0      		ldi r24,lo8(__c.28)
 857 0460 90E0      		ldi r25,hi8(__c.28)
 858 0462 0E94 0000 		call uart_puts_p
 859               	.LM120:
 860 0466 80E0      		ldi r24,lo8(__c.29)
 861 0468 90E0      		ldi r25,hi8(__c.29)
 862 046a 0E94 0000 		call uart_puts_p
 863               	.LM121:
 864 046e 80E0      		ldi r24,lo8(Str_BOT)
 865 0470 90E0      		ldi r25,hi8(Str_BOT)
 866 0472 0E94 0000 		call uart_puts_p
 867 0476 16C0      		rjmp .L39
 868               	.L48:
 869               	.LM122:
 870 0478 80E0      		ldi r24,lo8(__c.30)
 871 047a 90E0      		ldi r25,hi8(__c.30)
 872 047c 0E94 0000 		call uart_puts_p
 873               	.LM123:
 874 0480 80E0      		ldi r24,lo8(Str_BOT)
 875 0482 90E0      		ldi r25,hi8(Str_BOT)
 876 0484 0E94 0000 		call uart_puts_p
 877               	.LM124:
 878 0488 0DC0      		rjmp .L39
 879               	.L49:
 880               	.LM125:
 881 048a 80E0      		ldi r24,lo8(Str_CR)
 882 048c 90E0      		ldi r25,hi8(Str_CR)
 883 048e 0E94 0000 		call uart_puts_p
 884               	.LM126:
 885 0492 80E0      		ldi r24,lo8(Str_BOT)
 886 0494 90E0      		ldi r25,hi8(Str_BOT)
 887 0496 0E94 0000 		call uart_puts_p
 888               	.LM127:
 889 049a 04C0      		rjmp .L39
 890               	.L57:
 891               	.LM128:
 892 049c 80E0      		ldi r24,lo8(__c.31)
 893 049e 90E0      		ldi r25,hi8(__c.31)
 894 04a0 0E94 0000 		call uart_puts_p
 895               	.L39:
 896               	/* epilogue: frame size=3 */
 897 04a4 2396      		adiw r28,3
 898 04a6 0FB6      		in __tmp_reg__,__SREG__
 899 04a8 F894      		cli
 900 04aa DEBF      		out __SP_H__,r29
 901 04ac 0FBE      		out __SREG__,__tmp_reg__
 902 04ae CDBF      		out __SP_L__,r28
 903 04b0 DF91      		pop r29
 904 04b2 CF91      		pop r28
 905 04b4 0895      		ret
 906               	/* epilogue end (size=9) */
 907               	/* function command_prompt size 334 (315) */
 908               	.LFE5:
 910               		.comm text,100,1
 911               		.comm nText,1,1
 912               	.Letext0:
DEFINED SYMBOLS
                            *ABS*:00000000 command.c
C:\DOKUME~1\Olaf\LOKALE~1\Temp/ccGOaaaa.s:3      *ABS*:0000003f __SREG__
C:\DOKUME~1\Olaf\LOKALE~1\Temp/ccGOaaaa.s:4      *ABS*:0000003e __SP_H__
C:\DOKUME~1\Olaf\LOKALE~1\Temp/ccGOaaaa.s:5      *ABS*:0000003d __SP_L__
C:\DOKUME~1\Olaf\LOKALE~1\Temp/ccGOaaaa.s:6      *ABS*:00000000 __tmp_reg__
C:\DOKUME~1\Olaf\LOKALE~1\Temp/ccGOaaaa.s:7      *ABS*:00000001 __zero_reg__
C:\DOKUME~1\Olaf\LOKALE~1\Temp/ccGOaaaa.s:22     .data:00000000 ptext
                            *COM*:00000064 text
C:\DOKUME~1\Olaf\LOKALE~1\Temp/ccGOaaaa.s:29     .bss:00000000 command
C:\DOKUME~1\Olaf\LOKALE~1\Temp/ccGOaaaa.s:35     .progmem.data:00000000 Str_CR
C:\DOKUME~1\Olaf\LOKALE~1\Temp/ccGOaaaa.s:40     .progmem.data:00000003 Str_BOT
C:\DOKUME~1\Olaf\LOKALE~1\Temp/ccGOaaaa.s:66     .text:00000000 command_put
                            *COM*:00000001 nText
C:\DOKUME~1\Olaf\LOKALE~1\Temp/ccGOaaaa.s:372    .text:000001f4 command_get
C:\DOKUME~1\Olaf\LOKALE~1\Temp/ccGOaaaa.s:394    .text:00000208 command_text
C:\DOKUME~1\Olaf\LOKALE~1\Temp/ccGOaaaa.s:417    .progmem.data:0000000a __c.0
C:\DOKUME~1\Olaf\LOKALE~1\Temp/ccGOaaaa.s:421    .progmem.data:0000002e __c.1
C:\DOKUME~1\Olaf\LOKALE~1\Temp/ccGOaaaa.s:425    .progmem.data:00000039 __c.2
C:\DOKUME~1\Olaf\LOKALE~1\Temp/ccGOaaaa.s:429    .progmem.data:00000048 __c.3
C:\DOKUME~1\Olaf\LOKALE~1\Temp/ccGOaaaa.s:433    .progmem.data:00000059 __c.4
C:\DOKUME~1\Olaf\LOKALE~1\Temp/ccGOaaaa.s:437    .progmem.data:00000098 __c.5
C:\DOKUME~1\Olaf\LOKALE~1\Temp/ccGOaaaa.s:441    .progmem.data:000000a9 __c.6
C:\DOKUME~1\Olaf\LOKALE~1\Temp/ccGOaaaa.s:445    .progmem.data:000000e1 __c.7
C:\DOKUME~1\Olaf\LOKALE~1\Temp/ccGOaaaa.s:449    .progmem.data:00000112 __c.8
C:\DOKUME~1\Olaf\LOKALE~1\Temp/ccGOaaaa.s:453    .progmem.data:00000138 __c.9
C:\DOKUME~1\Olaf\LOKALE~1\Temp/ccGOaaaa.s:457    .progmem.data:00000161 __c.10
C:\DOKUME~1\Olaf\LOKALE~1\Temp/ccGOaaaa.s:461    .progmem.data:0000018d __c.11
C:\DOKUME~1\Olaf\LOKALE~1\Temp/ccGOaaaa.s:465    .progmem.data:000001c0 __c.12
C:\DOKUME~1\Olaf\LOKALE~1\Temp/ccGOaaaa.s:469    .progmem.data:000001d0 __c.13
C:\DOKUME~1\Olaf\LOKALE~1\Temp/ccGOaaaa.s:473    .progmem.data:000001eb __c.14
C:\DOKUME~1\Olaf\LOKALE~1\Temp/ccGOaaaa.s:477    .progmem.data:000001f9 __c.15
C:\DOKUME~1\Olaf\LOKALE~1\Temp/ccGOaaaa.s:481    .progmem.data:00000234 __c.16
C:\DOKUME~1\Olaf\LOKALE~1\Temp/ccGOaaaa.s:485    .progmem.data:0000023b __c.17
C:\DOKUME~1\Olaf\LOKALE~1\Temp/ccGOaaaa.s:489    .progmem.data:00000250 __c.18
C:\DOKUME~1\Olaf\LOKALE~1\Temp/ccGOaaaa.s:493    .progmem.data:00000283 __c.19
C:\DOKUME~1\Olaf\LOKALE~1\Temp/ccGOaaaa.s:497    .progmem.data:000002a3 __c.20
C:\DOKUME~1\Olaf\LOKALE~1\Temp/ccGOaaaa.s:501    .progmem.data:000002b5 __c.21
C:\DOKUME~1\Olaf\LOKALE~1\Temp/ccGOaaaa.s:505    .progmem.data:000002d9 __c.22
C:\DOKUME~1\Olaf\LOKALE~1\Temp/ccGOaaaa.s:509    .progmem.data:000002f9 __c.23
C:\DOKUME~1\Olaf\LOKALE~1\Temp/ccGOaaaa.s:513    .progmem.data:0000030c __c.24
C:\DOKUME~1\Olaf\LOKALE~1\Temp/ccGOaaaa.s:517    .progmem.data:00000345 __c.25
C:\DOKUME~1\Olaf\LOKALE~1\Temp/ccGOaaaa.s:521    .progmem.data:00000358 __c.26
C:\DOKUME~1\Olaf\LOKALE~1\Temp/ccGOaaaa.s:525    .progmem.data:00000395 __c.27
C:\DOKUME~1\Olaf\LOKALE~1\Temp/ccGOaaaa.s:529    .progmem.data:000003d6 __c.28
C:\DOKUME~1\Olaf\LOKALE~1\Temp/ccGOaaaa.s:533    .progmem.data:00000411 __c.29
C:\DOKUME~1\Olaf\LOKALE~1\Temp/ccGOaaaa.s:537    .progmem.data:0000043a __c.30
C:\DOKUME~1\Olaf\LOKALE~1\Temp/ccGOaaaa.s:541    .progmem.data:0000043c __c.31
C:\DOKUME~1\Olaf\LOKALE~1\Temp/ccGOaaaa.s:546    .text:0000021a command_prompt

UNDEFINED SYMBOLS
__do_copy_data
__do_clear_bss
strcmp
uart_getc
uart_putc
uart_puts_p
uart_puts
uart_puti
uart_printtime
